[2025-05-19T10:25:41.993+0000] {local_task_job_runner.py:120} INFO - ::group::Pre task execution logs
[2025-05-19T10:25:42.020+0000] {taskinstance.py:2076} INFO - Dependencies all met for dep_context=non-requeueable deps ti=<TaskInstance: flight_price_pipeline.load_to_postgres manual__2025-05-19T10:25:08.678680+00:00 [queued]>
[2025-05-19T10:25:42.024+0000] {taskinstance.py:2076} INFO - Dependencies all met for dep_context=requeueable deps ti=<TaskInstance: flight_price_pipeline.load_to_postgres manual__2025-05-19T10:25:08.678680+00:00 [queued]>
[2025-05-19T10:25:42.025+0000] {taskinstance.py:2306} INFO - Starting attempt 1 of 3
[2025-05-19T10:25:42.033+0000] {taskinstance.py:2330} INFO - Executing <Task(PythonOperator): load_to_postgres> on 2025-05-19 10:25:08.678680+00:00
[2025-05-19T10:25:42.049+0000] {logging_mixin.py:188} WARNING - /home/***/.local/lib/python3.12/site-packages/***/task/task_runner/standard_task_runner.py:62 DeprecationWarning: This process (pid=214) is multi-threaded, use of fork() may lead to deadlocks in the child.
[2025-05-19T10:25:42.047+0000] {standard_task_runner.py:90} INFO - Running: ['***', 'tasks', 'run', 'flight_price_pipeline', 'load_to_postgres', 'manual__2025-05-19T10:25:08.678680+00:00', '--job-id', '5', '--raw', '--subdir', 'DAGS_FOLDER/flight_price_pipeline.py', '--cfg-path', '/tmp/tmpgx9cx_ne']
[2025-05-19T10:25:42.050+0000] {standard_task_runner.py:91} INFO - Job 5: Subtask load_to_postgres
[2025-05-19T10:25:42.050+0000] {standard_task_runner.py:64} INFO - Started process 216 to run task
[2025-05-19T10:25:42.105+0000] {task_command.py:426} INFO - Running <TaskInstance: flight_price_pipeline.load_to_postgres manual__2025-05-19T10:25:08.678680+00:00 [running]> on host 274a38b9e91e
[2025-05-19T10:25:42.197+0000] {taskinstance.py:2648} INFO - Exporting env vars: AIRFLOW_CTX_DAG_OWNER='***' AIRFLOW_CTX_DAG_ID='flight_price_pipeline' AIRFLOW_CTX_TASK_ID='load_to_postgres' AIRFLOW_CTX_EXECUTION_DATE='2025-05-19T10:25:08.678680+00:00' AIRFLOW_CTX_TRY_NUMBER='1' AIRFLOW_CTX_DAG_RUN_ID='manual__2025-05-19T10:25:08.678680+00:00'
[2025-05-19T10:25:42.199+0000] {taskinstance.py:430} INFO - ::endgroup::
[2025-05-19T10:25:42.212+0000] {loading.py:40} INFO - Starting data loading from MYSQL table flight_prices_raw_transformed to PostgreSQL
[2025-05-19T10:25:42.212+0000] {loading.py:43} INFO - No KPI dict provided, pulling from XCom
[2025-05-19T10:25:48.135+0000] {loading.py:73} INFO - Loaded 57000 rows from MySQL flight_prices_raw_transformed to PostgreSQL
[2025-05-19T10:25:48.139+0000] {loading.py:97} WARNING - KPI avg_fare_by_airline is None, skipping loading to PostgreSQL
[2025-05-19T10:25:48.155+0000] {loading.py:92} INFO - Loaded 1 rows from peak_vs_off_peak to PostgreSQL kpi_peak_vs_off_peak
[2025-05-19T10:25:48.156+0000] {loading.py:97} WARNING - KPI seasonal_fares is None, skipping loading to PostgreSQL
[2025-05-19T10:25:48.160+0000] {loading.py:92} INFO - Loaded 24 rows from booking_count to PostgreSQL kpi_booking_count
[2025-05-19T10:25:48.163+0000] {loading.py:92} INFO - Loaded 10 rows from popular_routes to PostgreSQL kpi_popular_routes
[2025-05-19T10:25:48.163+0000] {loading.py:99} INFO - Data loading to PostgreSQL completed successfully
[2025-05-19T10:25:48.195+0000] {python.py:237} INFO - Done. Returned value was: {'average_total_fare':                       Airline  Average Fare
0                  Air Arabia  69924.006965
1                   Air Astra  68497.407804
2                   Air India  72474.178419
3                     AirAsia  74534.390651
4   Biman Bangladesh Airlines  70192.969287
5             British Airways  70555.536205
6              Cathay Pacific  73325.091124
7                    Emirates  70106.149413
8              Etihad Airways  71785.242045
9                    FlyDubai  68987.689206
10                   Gulf Air  71458.163828
11                     IndiGo  72504.433122
12             Kuwait Airways  71988.276107
13                  Lufthansa  69293.163879
14         Malaysian Airlines  72775.180201
15                    NovoAir  68350.859248
16              Qatar Airways  69865.536487
17                     Saudia  69270.676123
18         Singapore Airlines  68323.930914
19         SriLankan Airlines  71265.261154
20               Thai Airways  72845.789993
21           Turkish Airlines  75547.268629
22         US-Bangla Airlines  72088.289025
23                    Vistara  68108.238844, 'peak_vs_off_peak':        Is_Peak_Season  Average Fare
0  Off-Peak (Regular)  71030.316199, 'seasonal_fare':        Seasonality  Average Fare
0              Eid  91560.023236
1             Hajj  97144.471058
2          Regular  68077.271029
3  Winter Holidays  79676.737877, 'booking_count':                       Airline  Booking_Count
0                  Air Arabia           2217
1                   Air Astra           2304
2                   Air India           2280
3                     AirAsia           2312
4   Biman Bangladesh Airlines           2344
5             British Airways           2209
6              Cathay Pacific           2282
7                    Emirates           2327
8              Etihad Airways           2267
9                    FlyDubai           2346
10                   Gulf Air           2231
11                     IndiGo           2223
12             Kuwait Airways           2262
13                  Lufthansa           2368
14         Malaysian Airlines           2292
15                    NovoAir           2268
16              Qatar Airways           2267
17                     Saudia           2321
18         Singapore Airlines           2279
19         SriLankan Airlines           2201
20               Thai Airways           2316
21           Turkish Airlines           2220
22         US-Bangla Airlines           4496
23                    Vistara           2368, 'popular_routes':     Source Destination  Booking_Count
110    RJH         SIN            417
64     DAC         DXB            413
17     BZL         YYZ            410
43     CXB         DEL            408
19     CGP         BKK            408
9      BZL         JED            407
120    SPD         DEL            404
106    RJH         JFK            404
22     CGP         CXB            404
33     CGP         RJH            403}
[2025-05-19T10:25:48.221+0000] {taskinstance.py:441} INFO - ::group::Post task execution logs
[2025-05-19T10:25:48.277+0000] {taskinstance.py:1206} INFO - Marking task as SUCCESS. dag_id=flight_price_pipeline, task_id=load_to_postgres, run_id=manual__2025-05-19T10:25:08.678680+00:00, execution_date=20250519T102508, start_date=20250519T102542, end_date=20250519T102548
[2025-05-19T10:25:48.344+0000] {local_task_job_runner.py:243} INFO - Task exited with return code 0
[2025-05-19T10:25:48.373+0000] {taskinstance.py:3503} INFO - 0 downstream tasks scheduled from follow-on schedule check
[2025-05-19T10:25:48.375+0000] {local_task_job_runner.py:222} INFO - ::endgroup::
