[2025-05-19T10:18:30.399+0000] {local_task_job_runner.py:120} INFO - ::group::Pre task execution logs
[2025-05-19T10:18:30.580+0000] {taskinstance.py:2076} INFO - Dependencies all met for dep_context=non-requeueable deps ti=<TaskInstance: flight_price_pipeline.ingest_csv_to_mysql manual__2025-05-19T10:18:26.862748+00:00 [queued]>
[2025-05-19T10:18:30.596+0000] {taskinstance.py:2076} INFO - Dependencies all met for dep_context=requeueable deps ti=<TaskInstance: flight_price_pipeline.ingest_csv_to_mysql manual__2025-05-19T10:18:26.862748+00:00 [queued]>
[2025-05-19T10:18:30.604+0000] {taskinstance.py:2306} INFO - Starting attempt 1 of 3
[2025-05-19T10:18:30.636+0000] {taskinstance.py:2330} INFO - Executing <Task(PythonOperator): ingest_csv_to_mysql> on 2025-05-19 10:18:26.862748+00:00
[2025-05-19T10:18:30.755+0000] {logging_mixin.py:188} WARNING - /home/***/.local/lib/python3.12/site-packages/***/task/task_runner/standard_task_runner.py:62 DeprecationWarning: This process (pid=193) is multi-threaded, use of fork() may lead to deadlocks in the child.
[2025-05-19T10:18:30.712+0000] {standard_task_runner.py:90} INFO - Running: ['***', 'tasks', 'run', 'flight_price_pipeline', 'ingest_csv_to_mysql', 'manual__2025-05-19T10:18:26.862748+00:00', '--job-id', '2', '--raw', '--subdir', 'DAGS_FOLDER/flight_price_pipeline.py', '--cfg-path', '/tmp/tmpr25e1v4x']
[2025-05-19T10:18:30.758+0000] {standard_task_runner.py:64} INFO - Started process 199 to run task
[2025-05-19T10:18:30.758+0000] {standard_task_runner.py:91} INFO - Job 2: Subtask ingest_csv_to_mysql
[2025-05-19T10:18:30.858+0000] {task_command.py:426} INFO - Running <TaskInstance: flight_price_pipeline.ingest_csv_to_mysql manual__2025-05-19T10:18:26.862748+00:00 [running]> on host 8eebf2fa6f11
[2025-05-19T10:18:30.950+0000] {taskinstance.py:2648} INFO - Exporting env vars: AIRFLOW_CTX_DAG_OWNER='***' AIRFLOW_CTX_DAG_ID='flight_price_pipeline' AIRFLOW_CTX_TASK_ID='ingest_csv_to_mysql' AIRFLOW_CTX_EXECUTION_DATE='2025-05-19T10:18:26.862748+00:00' AIRFLOW_CTX_TRY_NUMBER='1' AIRFLOW_CTX_DAG_RUN_ID='manual__2025-05-19T10:18:26.862748+00:00'
[2025-05-19T10:18:30.952+0000] {taskinstance.py:430} INFO - ::endgroup::
[2025-05-19T10:18:30.987+0000] {ingestion.py:39} INFO - Starting ingestion process from /opt/***/data/input/Flight_Price_Dataset_of_Bangladesh.csv to MySQL table flight_prices_raw
[2025-05-19T10:18:30.988+0000] {ingestion.py:43} INFO - Attempting to read CSV from /opt/***/data/input/Flight_Price_Dataset_of_Bangladesh.csv
[2025-05-19T10:18:31.443+0000] {ingestion.py:45} INFO - Successfully read 57000 rows from CSV
[2025-05-19T10:18:31.445+0000] {ingestion.py:46} INFO - DataFrame columns: ['Airline', 'Source', 'Source Name', 'Destination', 'Destination Name', 'Departure Date & Time', 'Arrival Date & Time', 'Duration (hrs)', 'Stopovers', 'Aircraft Type', 'Class', 'Booking Source', 'Base Fare (BDT)', 'Tax & Surcharge (BDT)', 'Total Fare (BDT)', 'Seasonality', 'Days Before Departure']
[2025-05-19T10:18:31.475+0000] {ingestion.py:67} INFO - Building MySQL connection string
[2025-05-19T10:18:33.245+0000] {ingestion.py:77} INFO - MySQL connection successful
[2025-05-19T10:18:33.246+0000] {ingestion.py:80} INFO - Saving 57000 rows to MySQL table 'flight_prices_raw'
[2025-05-19T10:18:39.595+0000] {ingestion.py:82} INFO - Successfully loaded 57000 rows into flight_prices_raw
[2025-05-19T10:18:39.623+0000] {python.py:237} INFO - Done. Returned value was: success
[2025-05-19T10:18:39.629+0000] {taskinstance.py:441} INFO - ::group::Post task execution logs
[2025-05-19T10:18:39.732+0000] {taskinstance.py:1206} INFO - Marking task as SUCCESS. dag_id=flight_price_pipeline, task_id=ingest_csv_to_mysql, run_id=manual__2025-05-19T10:18:26.862748+00:00, execution_date=20250519T101826, start_date=20250519T101830, end_date=20250519T101839
[2025-05-19T10:18:39.786+0000] {local_task_job_runner.py:243} INFO - Task exited with return code 0
[2025-05-19T10:18:39.836+0000] {taskinstance.py:3503} INFO - 1 downstream tasks scheduled from follow-on schedule check
[2025-05-19T10:18:39.837+0000] {local_task_job_runner.py:222} INFO - ::endgroup::
